<?xml version="1.0" encoding="UTF-8"?>
<!-- Generated by org.testng.reporters.JUnitReportReporter -->
<testsuite skipped="0" hostname="ToDuyen" name="suit.autoTestDangNhap" tests="1" failures="0" timestamp="2021-06-02T22:15:50 ICT" time="20.744" errors="0">
  <testcase name="testDangNhap" time="20.744" classname="suit.autoTestDangNhap"/>
  <system-out/>
</testsuite> <!-- suit.autoTestDangNhap -->
