<?xml version="1.0" encoding="UTF-8"?>
<!-- Generated by org.testng.reporters.JUnitReportReporter -->
<testsuite skipped="0" hostname="ToDuyen" name="test.selenium.tichhop.dangnhap" tests="1" failures="0" timestamp="2021-05-22T14:42:40 ICT" time="11.075" errors="0">
  <testcase name="launchBrowser1" time="11.075" classname="test.selenium.tichhop.dangnhap"/>
  <system-out/>
</testsuite> <!-- test.selenium.tichhop.dangnhap -->
