<?xml version="1.0" encoding="UTF-8"?>
<!-- Generated by org.testng.reporters.JUnitReportReporter -->
<testsuite skipped="0" hostname="ToDuyen" name="tests.autoTestXoaTaiKhoan" tests="1" failures="0" timestamp="2021-06-12T15:21:24 ICT" time="16.094" errors="0">
  <testcase name="testXoaTK" time="16.094" classname="tests.autoTestXoaTaiKhoan"/>
  <system-out/>
</testsuite> <!-- tests.autoTestXoaTaiKhoan -->
