<?xml version="1.0" encoding="UTF-8"?>
<!-- Generated by org.testng.reporters.JUnitReportReporter -->
<testsuite skipped="0" hostname="ToDuyen" name="tests.autoTestDangKi" tests="1" failures="0" timestamp="2021-06-13T09:39:33 ICT" time="19.640" errors="0">
  <testcase name="testDangKi" time="19.640" classname="tests.autoTestDangKi"/>
  <system-out/>
</testsuite> <!-- tests.autoTestDangKi -->
