<?xml version="1.0" encoding="UTF-8"?>
<!-- Generated by org.testng.reporters.JUnitReportReporter -->
<testsuite skipped="0" hostname="ToDuyen" name="tests.autoTestDangNhap" tests="1" failures="0" timestamp="2021-06-12T22:04:09 ICT" time="17.205" errors="0">
  <testcase name="testDangNhap" time="17.205" classname="tests.autoTestDangNhap"/>
  <system-out/>
</testsuite> <!-- tests.autoTestDangNhap -->
