<?xml version="1.0" encoding="UTF-8"?>
<!-- Generated by org.testng.reporters.JUnitReportReporter -->
<testsuite skipped="0" hostname="ToDuyen" name="tests.autoTestXoaTaiKhoan" tests="1" failures="0" timestamp="2021-06-15T16:09:38 ICT" time="10.046" errors="0">
  <testcase name="testXoaTaiKhoan" time="10.046" classname="tests.autoTestXoaTaiKhoan"/>
  <system-out/>
</testsuite> <!-- tests.autoTestXoaTaiKhoan -->
