<?xml version="1.0" encoding="UTF-8"?>
<!-- Generated by org.testng.reporters.JUnitReportReporter -->
<testsuite skipped="0" hostname="ToDuyen" name="tests.autoTestMuaHang" tests="1" failures="0" timestamp="2021-06-15T18:17:36 ICT" time="14.102" errors="0">
  <testcase name="testMuaHang" time="14.102" classname="tests.autoTestMuaHang"/>
  <system-out/>
</testsuite> <!-- tests.autoTestMuaHang -->
