<?xml version="1.0" encoding="UTF-8"?>
<!-- Generated by org.testng.reporters.JUnitReportReporter -->
<testsuite skipped="0" hostname="ToDuyen" name="tests.autoTestXoaHoaDon" tests="1" failures="0" timestamp="2021-06-12T23:38:10 ICT" time="9.496" errors="0">
  <testcase name="testXoaHoaDon" time="9.496" classname="tests.autoTestXoaHoaDon"/>
  <system-out/>
</testsuite> <!-- tests.autoTestXoaHoaDon -->
