<?xml version="1.0" encoding="UTF-8"?>
<!-- Generated by org.testng.reporters.JUnitReportReporter -->
<testsuite skipped="0" hostname="ToDuyen" name="tests.autoTestMuaHang" tests="1" failures="0" timestamp="2021-06-13T10:36:46 ICT" time="15.113" errors="0">
  <testcase name="testMuaHang" time="15.113" classname="tests.autoTestMuaHang"/>
  <system-out/>
</testsuite> <!-- tests.autoTestMuaHang -->
