<?xml version="1.0" encoding="UTF-8"?>
<!-- Generated by org.testng.reporters.JUnitReportReporter -->
<testsuite skipped="0" hostname="ToDuyen" name="suit.autoTestXoaTaiKhoan" tests="1" failures="0" timestamp="2021-06-11T18:37:43 ICT" time="8.871" errors="0">
  <testcase name="testXoaTK" time="8.871" classname="suit.autoTestXoaTaiKhoan"/>
  <system-out/>
</testsuite> <!-- suit.autoTestXoaTaiKhoan -->
