<?xml version="1.0" encoding="UTF-8"?>
<!-- Generated by org.testng.reporters.JUnitReportReporter -->
<testsuite skipped="0" hostname="ToDuyen" name="tests.autoTestDangNhap" tests="1" failures="0" timestamp="2021-06-14T19:13:24 ICT" time="15.242" errors="0">
  <testcase name="testDangNhap" time="15.242" classname="tests.autoTestDangNhap"/>
  <system-out/>
</testsuite> <!-- tests.autoTestDangNhap -->
