<?xml version="1.0" encoding="UTF-8"?>
<!-- Generated by org.testng.reporters.JUnitReportReporter -->
<testsuite skipped="0" hostname="ToDuyen" name="suit.autoTestDangKi" tests="1" failures="0" timestamp="2021-06-02T22:15:50 ICT" time="19.284" errors="0">
  <testcase name="testDangKi" time="19.284" classname="suit.autoTestDangKi"/>
  <system-out/>
</testsuite> <!-- suit.autoTestDangKi -->
