<?xml version="1.0" encoding="UTF-8"?>
<!-- Generated by org.testng.reporters.JUnitReportReporter -->
<testsuite skipped="0" hostname="ToDuyen" name="test.selenium.tichhop.dangnhap" tests="1" failures="0" timestamp="2021-05-22T09:07:50 ICT" time="7.569" errors="0">
  <testcase name="launchBrowser" time="7.569" classname="test.selenium.tichhop.dangnhap"/>
  <system-out/>
</testsuite> <!-- test.selenium.tichhop.dangnhap -->
